<?xml version="1.0" encoding="UTF-8"?>
<!-- Generated by org.testng.reporters.JUnitXMLReporter -->
<testsuite ignored="0" hostname="DESKTOP-S2BGV7B" failures="0" tests="4" name="Test" time="32.534" errors="0" timestamp="2024-02-17T19:09:52 IST">
  <testcase classname="testng.crossbrowser.parallel.ParallelTest" name="fblogin" time="13.782"/>
  <testcase classname="testng.crossbrowser.parallel.ParallelTest" name="AdactinLogin" time="19.71"/>
  <testcase classname="testng.crossbrowser.parallel.ParallelTest" name="searchSelenium" time="10.748"/>
  <testcase classname="testng.crossbrowser.parallel.ParallelTest" name="searchjava" time="12.733"/>
</testsuite> <!-- Test -->
