<?xml version="1.0" encoding="UTF-8"?>
<testng-results ignored="0" total="1" passed="1" failed="0" skipped="0">
  <reporter-output>
  </reporter-output>
  <suite started-at="2024-02-17T21:32:20 IST" name="Default suite" finished-at="2024-02-17T21:32:38 IST" duration-ms="18500">
    <groups>
    </groups>
    <test started-at="2024-02-17T21:32:20 IST" name="Default test" finished-at="2024-02-17T21:32:38 IST" duration-ms="18500">
      <class name="testng.extent.reports.ReportSampleTask">
        <test-method is-config="true" signature="report()[pri:0, instance:testng.extent.reports.ReportSampleTask@22ff4249]" started-at="2024-02-17T21:32:19 IST" name="report" finished-at="2024-02-17T21:32:20 IST" duration-ms="518" status="PASS">
          <reporter-output>
          </reporter-output>
        </test-method> <!-- report -->
        <test-method signature="adactinlogin()[pri:0, instance:testng.extent.reports.ReportSampleTask@22ff4249]" started-at="2024-02-17T21:32:20 IST" name="adactinlogin" finished-at="2024-02-17T21:32:38 IST" duration-ms="17911" status="PASS">
          <reporter-output>
          </reporter-output>
        </test-method> <!-- adactinlogin -->
        <test-method is-config="true" signature="stopReport()[pri:0, instance:testng.extent.reports.ReportSampleTask@22ff4249]" started-at="2024-02-17T21:32:38 IST" name="stopReport" finished-at="2024-02-17T21:32:38 IST" duration-ms="531" status="PASS">
          <reporter-output>
          </reporter-output>
        </test-method> <!-- stopReport -->
      </class> <!-- testng.extent.reports.ReportSampleTask -->
    </test> <!-- Default test -->
  </suite> <!-- Default suite -->
</testng-results>
